#
# There is insufficient memory for the Java Runtime Environment to continue.
# Native memory allocation (malloc) failed to allocate 32744 bytes for ChunkPool::allocate
# Possible reasons:
#   The system is out of physical RAM or swap space
#   In 32 bit mode, the process size limit was hit
# Possible solutions:
#   Reduce memory load on the system
#   Increase physical memory or swap space
#   Check if swap backing store is full
#   Use 64 bit Java on a 64 bit OS
#   Decrease Java heap size (-Xmx/-Xms)
#   Decrease number of Java threads
#   Decrease Java thread stack sizes (-Xss)
#   Set larger code cache with -XX:ReservedCodeCacheSize=
# This output file may be truncated or incomplete.
#
#  Out of Memory Error (allocation.cpp:273), pid=1728, tid=0x00000000000000b8
#
# JRE version: OpenJDK Runtime Environment (8.0_112-b06) (build 1.8.0_112-release-b06)
# Java VM: OpenJDK 64-Bit Server VM (25.112-b06 mixed mode windows-amd64 compressed oops)
# Failed to write core dump. Minidumps are not enabled by default on client versions of Windows
#

---------------  T H R E A D  ---------------

Current thread (0x0000000015288000):  JavaThread "C2 CompilerThread0" daemon [_thread_in_native, id=184, stack(0x00000000162c0000,0x00000000163c0000)]

Stack: [0x00000000162c0000,0x00000000163c0000]
[error occurred during error reporting (printing stack bounds), id 0xc0000005]

Native frames: (J=compiled Java code, j=interpreted, Vv=VM code, C=native code)


Current CompileTask:
C2:  26718 7355       4       org.objectweb.asm.ClassReader::a (3351 bytes)


---------------  P R O C E S S  ---------------

Java Threads: ( => current thread )
  0x000000001f6da800 JavaThread "pool-4-thread-3" [_thread_blocked, id=6568, stack(0x00000000210d0000,0x00000000211d0000)]
  0x000000001f6d8000 JavaThread "Run command 'C:\Program Files\Android\Android Studio\jre\bin\java.exe'" [_thread_blocked, id=1812, stack(0x0000000020bd0000,0x0000000020cd0000)]
  0x000000001f6d9800 JavaThread "pool-4-thread-2" [_thread_blocked, id=5364, stack(0x0000000020ad0000,0x0000000020bd0000)]
  0x000000001f6dc000 JavaThread "Forward streams with process: command 'C:\Program Files\Android\Android Studio\jre\bin\java.exe' Thread 3" [_thread_in_native, id=8072, stack(0x00000000209d0000,0x0000000020ad0000)]
  0x000000001f6d9000 JavaThread "Forward streams with process: command 'C:\Program Files\Android\Android Studio\jre\bin\java.exe' Thread 2" [_thread_in_native, id=4568, stack(0x00000000208d0000,0x00000000209d0000)]
  0x0000000019654000 JavaThread "Forward streams with process: command 'C:\Program Files\Android\Android Studio\jre\bin\java.exe'" [_thread_blocked, id=7680, stack(0x00000000207d0000,0x00000000208d0000)]
  0x0000000019657800 JavaThread "Run command 'C:\Program Files\Android\Android Studio\jre\bin\java.exe'" [_thread_in_native, id=5376, stack(0x00000000205d0000,0x00000000206d0000)]
  0x0000000019654800 JavaThread "pool-4-thread-1" [_thread_blocked, id=6468, stack(0x00000000204d0000,0x00000000205d0000)]
  0x0000000019656000 JavaThread "pool-3-thread-2" [_thread_blocked, id=7024, stack(0x000000001f1a0000,0x000000001f2a0000)]
  0x000000001965a800 JavaThread "pool-3-thread-1" [_thread_blocked, id=1680, stack(0x000000001e3a0000,0x000000001e4a0000)]
  0x0000000019655800 JavaThread "Cache update executor" [_thread_blocked, id=6284, stack(0x000000001e0a0000,0x000000001e1a0000)]
  0x0000000019658800 JavaThread "File lock request listener" [_thread_in_native, id=384, stack(0x000000001a8d0000,0x000000001a9d0000)]
  0x0000000017a39000 JavaThread "pool-1-thread-1" [_thread_blocked, id=5768, stack(0x0000000019200000,0x0000000019300000)]
  0x0000000017a06800 JavaThread "Stdin handler" [_thread_blocked, id=8064, stack(0x0000000019100000,0x0000000019200000)]
  0x0000000017a05800 JavaThread "Asynchronous log dispatcher for DefaultDaemonConnection: socket connection from /127.0.0.1:63817 to /127.0.0.1:63819" [_thread_blocked, id=3464, stack(0x0000000019000000,0x0000000019100000)]
  0x00000000179f6000 JavaThread "Daemon worker" [_thread_blocked, id=3476, stack(0x0000000018f00000,0x0000000019000000)]
  0x00000000179ef000 JavaThread "Cancel handler" [_thread_blocked, id=688, stack(0x0000000018e00000,0x0000000018f00000)]
  0x0000000017998800 JavaThread "Handler for socket connection from /127.0.0.1:63817 to /127.0.0.1:63819" [_thread_in_native, id=1408, stack(0x0000000018d00000,0x0000000018e00000)]
  0x0000000017970000 JavaThread "Daemon" [_thread_blocked, id=6164, stack(0x0000000018a00000,0x0000000018b00000)]
  0x00000000178f8800 JavaThread "Incoming local TCP Connector on port 63817" [_thread_in_native, id=7348, stack(0x00000000187d0000,0x00000000188d0000)]
  0x0000000015306800 JavaThread "Service Thread" daemon [_thread_blocked, id=5812, stack(0x00000000164c0000,0x00000000165c0000)]
  0x000000001528b000 JavaThread "C1 CompilerThread1" daemon [_thread_blocked, id=7852, stack(0x00000000163c0000,0x00000000164c0000)]
=>0x0000000015288000 JavaThread "C2 CompilerThread0" daemon [_thread_in_native, id=184, stack(0x00000000162c0000,0x00000000163c0000)]
  0x0000000015286800 JavaThread "Attach Listener" daemon [_thread_blocked, id=3232, stack(0x00000000161c0000,0x00000000162c0000)]
  0x0000000015283000 JavaThread "Signal Dispatcher" daemon [_thread_blocked, id=1944, stack(0x00000000160c0000,0x00000000161c0000)]
  0x000000001526e800 JavaThread "Finalizer" daemon [_thread_blocked, id=6592, stack(0x0000000015ec0000,0x0000000015fc0000)]
  0x0000000015244800 JavaThread "Reference Handler" daemon [_thread_blocked, id=1632, stack(0x0000000015dc0000,0x0000000015ec0000)]
  0x0000000002b9d800 JavaThread "main" [_thread_blocked, id=2824, stack(0x0000000002bd0000,0x0000000002cd0000)]

Other Threads:
  0x000000001523d000 VMThread [stack: 0x0000000015cc0000,0x0000000015dc0000] [id=860]
  0x0000000015309800 WatcherThread [stack: 0x00000000165c0000,0x00000000166c0000] [id=5312]

VM state:at safepoint (normal execution)

VM Mutex/Monitor currently owned by a thread:  ([mutex/lock_event])
[0x0000000002b9d5f0] Threads_lock - owner thread: 0x000000001523d000
[0x0000000002b9d370] Heap_lock - owner thread: 0x00000000179f6000

Heap:
 PSYoungGen      total 110080K, used 110080K [0x00000000eab00000, 0x00000000f2e00000, 0x0000000100000000)
  eden space 97280K, 100% used [0x00000000eab00000,0x00000000f0a00000,0x00000000f0a00000)
  from space 12800K, 100% used [0x00000000f1a00000,0x00000000f2680000,0x00000000f2680000)
  to   space 16384K, 46% used [0x00000000f0a00000,0x00000000f11601f8,0x00000000f1a00000)
 ParOldGen       total 57344K, used 24568K [0x00000000c0000000, 0x00000000c3800000, 0x00000000eab00000)
  object space 57344K, 42% used [0x00000000c0000000,0x00000000c17fe1a0,0x00000000c3800000)
 Metaspace       used 57035K, capacity 58874K, committed 59008K, reserved 1099776K
  class space    used 7630K, capacity 8014K, committed 8064K, reserved 1048576K

Card table byte_map: [0x00000000121a0000,0x00000000123b0000] byte_map_base: 0x0000000011ba0000

Marking Bits: (ParMarkBitMap*) 0x000000005da018f0
 Begin Bits: [0x0000000012710000, 0x0000000013710000)
 End Bits:   [0x0000000013710000, 0x0000000014710000)

Polling page: 0x0000000002ba0000

CodeCache: size=245760Kb used=21234Kb max_used=21517Kb free=224525Kb
 bounds [0x0000000002de0000, 0x0000000004310000, 0x0000000011de0000]
 total_blobs=7172 nmethods=6402 adapters=683
 compilation: enabled

Compilation events (10 events):
Event: 26.671 Thread 0x000000001528b000 7516   !   3       java.io.PrintWriter::write (58 bytes)
Event: 26.671 Thread 0x000000001528b000 nmethod 7516 0x000000000374fa90 code [0x000000000374fc40, 0x00000000037502e8]
Event: 26.672 Thread 0x000000001528b000 7517       3       java.lang.Class::getDeclaredField (34 bytes)
Event: 26.673 Thread 0x000000001528b000 nmethod 7517 0x00000000035aab50 code [0x00000000035aad00, 0x00000000035ab008]
Event: 26.674 Thread 0x000000001528b000 7518       3       java.security.ProtectionDomain$Key::<init> (5 bytes)
Event: 26.674 Thread 0x000000001528b000 nmethod 7518 0x000000000301ac50 code [0x000000000301ada0, 0x000000000301af50]
Event: 26.678 Thread 0x000000001528b000 7519       3       java.io.ObjectOutputStream$BlockDataOutputStream::writeBytes (144 bytes)
Event: 26.678 Thread 0x000000001528b000 nmethod 7519 0x00000000031bf890 code [0x00000000031bfa60, 0x00000000031c01b8]
Event: 26.680 Thread 0x000000001528b000 7520       1       org.gradle.launcher.daemon.server.api.DaemonCommandExecution::getConnection (5 bytes)
Event: 26.680 Thread 0x000000001528b000 nmethod 7520 0x000000000368cc50 code [0x000000000368cda0, 0x000000000368ceb0]

GC Heap History (10 events):
Event: 14.821 GC heap after
Heap after GC invocations=12 (full 1):
 PSYoungGen      total 72704K, used 8703K [0x00000000eab00000, 0x00000000f0e80000, 0x0000000100000000)
  eden space 64000K, 0% used [0x00000000eab00000,0x00000000eab00000,0x00000000ee980000)
  from space 8704K, 99% used [0x00000000ee980000,0x00000000ef1ffe20,0x00000000ef200000)
  to   space 10240K, 0% used [0x00000000f0480000,0x00000000f0480000,0x00000000f0e80000)
 ParOldGen       total 35840K, used 10595K [0x00000000c0000000, 0x00000000c2300000, 0x00000000eab00000)
  object space 35840K, 29% used [0x00000000c0000000,0x00000000c0a58cd0,0x00000000c2300000)
 Metaspace       used 34803K, capacity 35336K, committed 35496K, reserved 1079296K
  class space    used 4638K, capacity 4810K, committed 4864K, reserved 1048576K
}
Event: 14.821 GC heap before
{Heap before GC invocations=13 (full 2):
 PSYoungGen      total 72704K, used 8703K [0x00000000eab00000, 0x00000000f0e80000, 0x0000000100000000)
  eden space 64000K, 0% used [0x00000000eab00000,0x00000000eab00000,0x00000000ee980000)
  from space 8704K, 99% used [0x00000000ee980000,0x00000000ef1ffe20,0x00000000ef200000)
  to   space 10240K, 0% used [0x00000000f0480000,0x00000000f0480000,0x00000000f0e80000)
 ParOldGen       total 35840K, used 10595K [0x00000000c0000000, 0x00000000c2300000, 0x00000000eab00000)
  object space 35840K, 29% used [0x00000000c0000000,0x00000000c0a58cd0,0x00000000c2300000)
 Metaspace       used 34803K, capacity 35336K, committed 35496K, reserved 1079296K
  class space    used 4638K, capacity 4810K, committed 4864K, reserved 1048576K
Event: 14.960 GC heap after
Heap after GC invocations=13 (full 2):
 PSYoungGen      total 72704K, used 0K [0x00000000eab00000, 0x00000000f0e80000, 0x0000000100000000)
  eden space 64000K, 0% used [0x00000000eab00000,0x00000000eab00000,0x00000000ee980000)
  from space 8704K, 0% used [0x00000000ee980000,0x00000000ee980000,0x00000000ef200000)
  to   space 10240K, 0% used [0x00000000f0480000,0x00000000f0480000,0x00000000f0e80000)
 ParOldGen       total 57344K, used 16607K [0x00000000c0000000, 0x00000000c3800000, 0x00000000eab00000)
  object space 57344K, 28% used [0x00000000c0000000,0x00000000c1037c10,0x00000000c3800000)
 Metaspace       used 34803K, capacity 35336K, committed 35496K, reserved 1079296K
  class space    used 4638K, capacity 4810K, committed 4864K, reserved 1048576K
}
Event: 18.101 GC heap before
{Heap before GC invocations=14 (full 2):
 PSYoungGen      total 72704K, used 64000K [0x00000000eab00000, 0x00000000f0e80000, 0x0000000100000000)
  eden space 64000K, 100% used [0x00000000eab00000,0x00000000ee980000,0x00000000ee980000)
  from space 8704K, 0% used [0x00000000ee980000,0x00000000ee980000,0x00000000ef200000)
  to   space 10240K, 0% used [0x00000000f0480000,0x00000000f0480000,0x00000000f0e80000)
 ParOldGen       total 57344K, used 16607K [0x00000000c0000000, 0x00000000c3800000, 0x00000000eab00000)
  object space 57344K, 28% used [0x00000000c0000000,0x00000000c1037c10,0x00000000c3800000)
 Metaspace       used 41944K, capacity 42656K, committed 43008K, reserved 1087488K
  class space    used 5619K, capacity 5831K, committed 5888K, reserved 1048576K
Event: 18.120 GC heap after
Heap after GC invocations=14 (full 2):
 PSYoungGen      total 90112K, used 8384K [0x00000000eab00000, 0x00000000f0f00000, 0x0000000100000000)
  eden space 79872K, 0% used [0x00000000eab00000,0x00000000eab00000,0x00000000ef900000)
  from space 10240K, 81% used [0x00000000f0480000,0x00000000f0cb0258,0x00000000f0e80000)
  to   space 11264K, 0% used [0x00000000ef900000,0x00000000ef900000,0x00000000f0400000)
 ParOldGen       total 57344K, used 16615K [0x00000000c0000000, 0x00000000c3800000, 0x00000000eab00000)
  object space 57344K, 28% used [0x00000000c0000000,0x00000000c1039c10,0x00000000c3800000)
 Metaspace       used 41944K, capacity 42656K, committed 43008K, reserved 1087488K
  class space    used 5619K, capacity 5831K, committed 5888K, reserved 1048576K
}
Event: 20.553 GC heap before
{Heap before GC invocations=15 (full 2):
 PSYoungGen      total 90112K, used 88256K [0x00000000eab00000, 0x00000000f0f00000, 0x0000000100000000)
  eden space 79872K, 100% used [0x00000000eab00000,0x00000000ef900000,0x00000000ef900000)
  from space 10240K, 81% used [0x00000000f0480000,0x00000000f0cb0258,0x00000000f0e80000)
  to   space 11264K, 0% used [0x00000000ef900000,0x00000000ef900000,0x00000000f0400000)
 ParOldGen       total 57344K, used 16615K [0x00000000c0000000, 0x00000000c3800000, 0x00000000eab00000)
  object space 57344K, 28% used [0x00000000c0000000,0x00000000c1039c10,0x00000000c3800000)
 Metaspace       used 44749K, capacity 45836K, committed 45952K, reserved 1089536K
  class space    used 5970K, capacity 6205K, committed 6272K, reserved 1048576K
Event: 20.584 GC heap after
Heap after GC invocations=15 (full 2):
 PSYoungGen      total 91136K, used 11232K [0x00000000eab00000, 0x00000000f2680000, 0x0000000100000000)
  eden space 79872K, 0% used [0x00000000eab00000,0x00000000eab00000,0x00000000ef900000)
  from space 11264K, 99% used [0x00000000ef900000,0x00000000f03f80a0,0x00000000f0400000)
  to   space 12800K, 0% used [0x00000000f1a00000,0x00000000f1a00000,0x00000000f2680000)
 ParOldGen       total 57344K, used 17435K [0x00000000c0000000, 0x00000000c3800000, 0x00000000eab00000)
  object space 57344K, 30% used [0x00000000c0000000,0x00000000c1106f30,0x00000000c3800000)
 Metaspace       used 44749K, capacity 45836K, committed 45952K, reserved 1089536K
  class space    used 5970K, capacity 6205K, committed 6272K, reserved 1048576K
}
Event: 23.023 GC heap before
{Heap before GC invocations=16 (full 2):
 PSYoungGen      total 91136K, used 91104K [0x00000000eab00000, 0x00000000f2680000, 0x0000000100000000)
  eden space 79872K, 100% used [0x00000000eab00000,0x00000000ef900000,0x00000000ef900000)
  from space 11264K, 99% used [0x00000000ef900000,0x00000000f03f80a0,0x00000000f0400000)
  to   space 12800K, 0% used [0x00000000f1a00000,0x00000000f1a00000,0x00000000f2680000)
 ParOldGen       total 57344K, used 17435K [0x00000000c0000000, 0x00000000c3800000, 0x00000000eab00000)
  object space 57344K, 30% used [0x00000000c0000000,0x00000000c1106f30,0x00000000c3800000)
 Metaspace       used 50210K, capacity 51750K, committed 51968K, reserved 1093632K
  class space    used 6793K, capacity 7124K, committed 7168K, reserved 1048576K
Event: 23.049 GC heap after
Heap after GC invocations=16 (full 2):
 PSYoungGen      total 110080K, used 12800K [0x00000000eab00000, 0x00000000f2e00000, 0x0000000100000000)
  eden space 97280K, 0% used [0x00000000eab00000,0x00000000eab00000,0x00000000f0a00000)
  from space 12800K, 100% used [0x00000000f1a00000,0x00000000f2680000,0x00000000f2680000)
  to   space 16384K, 0% used [0x00000000f0a00000,0x00000000f0a00000,0x00000000f1a00000)
 ParOldGen       total 57344K, used 22384K [0x00000000c0000000, 0x00000000c3800000, 0x00000000eab00000)
  object space 57344K, 39% used [0x00000000c0000000,0x00000000c15dc1a0,0x00000000c3800000)
 Metaspace       used 50210K, capacity 51750K, committed 51968K, reserved 1093632K
  class space    used 6793K, capacity 7124K, committed 7168K, reserved 1048576K
}
Event: 26.684 GC heap before
{Heap before GC invocations=17 (full 2):
 PSYoungGen      total 110080K, used 110080K [0x00000000eab00000, 0x00000000f2e00000, 0x0000000100000000)
  eden space 97280K, 100% used [0x00000000eab00000,0x00000000f0a00000,0x00000000f0a00000)
  from space 12800K, 100% used [0x00000000f1a00000,0x00000000f2680000,0x00000000f2680000)
  to   space 16384K, 0% used [0x00000000f0a00000,0x00000000f0a00000,0x00000000f1a00000)
 ParOldGen       total 57344K, used 22384K [0x00000000c0000000, 0x00000000c3800000, 0x00000000eab00000)
  object space 57344K, 39% used [0x00000000c0000000,0x00000000c15dc1a0,0x00000000c3800000)
 Metaspace       used 57035K, capacity 58874K, committed 59008K, reserved 1099776K
  class space    used 7630K, capacity 8014K, committed 8064K, reserved 1048576K

Deoptimization events (10 events):
Event: 24.829 Thread 0x0000000019655800 Uncommon trap: reason=bimorphic action=maybe_recompile pc=0x00000000037fbc10 method=java.util.Collections.indexedBinarySearch(Ljava/util/List;Ljava/lang/Object;)I @ 39
Event: 25.013 Thread 0x00000000179f6000 Uncommon trap: reason=unstable_if action=reinterpret pc=0x000000000419e594 method=java.security.MessageDigest.isEqual([B[B)Z @ 53
Event: 25.266 Thread 0x00000000179f6000 Uncommon trap: reason=unstable_if action=reinterpret pc=0x0000000003716440 method=java.util.regex.Matcher.appendReplacement(Ljava/lang/StringBuffer;Ljava/lang/String;)Ljava/util/regex/Matcher; @ 47
Event: 26.171 Thread 0x00000000179f6000 Uncommon trap: reason=unstable_if action=reinterpret pc=0x0000000002f7a244 method=java.util.regex.Pattern.append(II)V @ 6
Event: 26.289 Thread 0x000000001965a800 Uncommon trap: reason=null_check action=make_not_entrant pc=0x00000000041a7e58 method=sun.nio.fs.NativeBuffers.getNativeBufferFromCache(I)Lsun/nio/fs/NativeBuffer; @ 6
Event: 26.291 Thread 0x000000001965a800 Uncommon trap: reason=null_check action=make_not_entrant pc=0x00000000041aa304 method=sun.nio.fs.NativeBuffers.releaseNativeBuffer(Lsun/nio/fs/NativeBuffer;)V @ 6
Event: 26.638 Thread 0x000000001f6dd800 Uncommon trap: reason=unstable_if action=reinterpret pc=0x00000000040a4674 method=java.util.concurrent.locks.ReentrantLock$Sync.nonfairTryAcquire(I)Z @ 34
Event: 26.645 Thread 0x000000001f6d9800 Uncommon trap: reason=class_check action=maybe_recompile pc=0x0000000003548980 method=java.lang.Throwable.<init>(Ljava/lang/String;Ljava/lang/Throwable;)V @ 24
Event: 26.648 Thread 0x00000000179f6000 Uncommon trap: reason=class_check action=maybe_recompile pc=0x0000000003548980 method=java.lang.Throwable.<init>(Ljava/lang/String;Ljava/lang/Throwable;)V @ 24
Event: 26.678 Thread 0x00000000179f6000 Uncommon trap: reason=unstable_if action=reinterpret pc=0x00000000032dac30 method=java.io.ObjectOutputStream$BlockDataOutputStream.writeBytes(Ljava/lang/String;)V @ 22

Internal exceptions (10 events):
Event: 25.082 Thread 0x0000000019655800 Exception <a 'java/lang/NoSuchMethodError': <clinit>> (0x00000000ef0706a8) thrown at [C:\src\android\AOSP-openjdk\external\jetbrains\jdk\hotspot\src\share\vm\prims\jni.cpp, line 1613]
Event: 26.289 Thread 0x000000001965a800 Implicit null exception at 0x00000000041a7d12 to 0x00000000041a7e49
Event: 26.291 Thread 0x000000001965a800 Implicit null exception at 0x00000000041aa152 to 0x00000000041aa2f5
Event: 26.297 Thread 0x000000001965a800 Exception <a 'sun/nio/fs/WindowsException'> (0x00000000f03b7730) thrown at [C:\src\android\AOSP-openjdk\external\jetbrains\jdk\hotspot\src\share\vm\prims\jni.cpp, line 709]
Event: 26.324 Thread 0x0000000019656000 Exception <a 'sun/nio/fs/WindowsException'> (0x00000000f03ef340) thrown at [C:\src\android\AOSP-openjdk\external\jetbrains\jdk\hotspot\src\share\vm\prims\jni.cpp, line 709]
Event: 26.466 Thread 0x0000000019656000 Exception <a 'sun/nio/fs/WindowsException'> (0x00000000f040d8d8) thrown at [C:\src\android\AOSP-openjdk\external\jetbrains\jdk\hotspot\src\share\vm\prims\jni.cpp, line 709]
Event: 26.499 Thread 0x0000000019656000 Exception <a 'sun/nio/fs/WindowsException'> (0x00000000f042b1f8) thrown at [C:\src\android\AOSP-openjdk\external\jetbrains\jdk\hotspot\src\share\vm\prims\jni.cpp, line 709]
Event: 26.648 Thread 0x00000000179f6000 Exception <a 'java/lang/reflect/InvocationTargetException'> (0x00000000f021e9a8) thrown at [C:\src\android\AOSP-openjdk\external\jetbrains\jdk\hotspot\src\share\vm\runtime\reflection.cpp, line 1092]
Event: 26.676 Thread 0x00000000179f6000 Exception <a 'java/lang/NoSuchMethodError': <clinit>> (0x00000000f09c2a80) thrown at [C:\src\android\AOSP-openjdk\external\jetbrains\jdk\hotspot\src\share\vm\prims\jni.cpp, line 1613]
Event: 26.677 Thread 0x00000000179f6000 Exception <a 'java/lang/NoSuchMethodError': <clinit>> (0x00000000f09da6b0) thrown at [C:\src\android\AOSP-openjdk\external\jetbrains\jdk\hotspot\src\share\vm\prims\jni.cpp, line 1613]

Events (10 events):
Event: 26.678 Thread 0x00000000179f6000 DEOPT UNPACKING pc=0x0000000002e2556a sp=0x0000000018ff9fe0 mode 2
Event: 26.679 Thread 0x000000001528b000 flushing nmethod 0x0000000003bcef10
Event: 26.681 Thread 0x000000001528b000 flushing nmethod 0x0000000003d27f50
Event: 26.683 loading class com/google/common/base/Converter$IdentityConverter
Event: 26.683 loading class com/google/common/base/Converter$IdentityConverter done
Event: 26.683 loading class com/google/common/base/Converter$ReverseConverter
Event: 26.683 loading class com/google/common/base/Converter$ReverseConverter done
Event: 26.684 loading class com/google/common/base/Converter$FunctionBasedConverter
Event: 26.684 loading class com/google/common/base/Converter$FunctionBasedConverter done
Event: 26.684 Executing VM operation: ParallelGCFailedAllocation


Dynamic libraries:
0x00007ff6e6d40000 - 0x00007ff6e6d71000 	C:\Program Files\Android\Android Studio\jre\bin\java.exe
0x00007ff8a6210000 - 0x00007ff8a63e1000 	C:\WINDOWS\SYSTEM32\ntdll.dll
0x00007ff8a5760000 - 0x00007ff8a580c000 	C:\WINDOWS\System32\KERNEL32.DLL
0x00007ff8a2f40000 - 0x00007ff8a315d000 	C:\WINDOWS\System32\KERNELBASE.dll
0x00007ff8a6160000 - 0x00007ff8a6202000 	C:\WINDOWS\System32\ADVAPI32.dll
0x00007ff8a3a20000 - 0x00007ff8a3abe000 	C:\WINDOWS\System32\msvcrt.dll
0x00007ff8a3be0000 - 0x00007ff8a3c39000 	C:\WINDOWS\System32\sechost.dll
0x00007ff8a5ed0000 - 0x00007ff8a5ff1000 	C:\WINDOWS\System32\RPCRT4.dll
0x00007ff8a5870000 - 0x00007ff8a59d5000 	C:\WINDOWS\System32\USER32.dll
0x00007ff8a3500000 - 0x00007ff8a351e000 	C:\WINDOWS\System32\win32u.dll
0x00007ff8a5720000 - 0x00007ff8a5754000 	C:\WINDOWS\System32\GDI32.dll
0x00007ff8a3380000 - 0x00007ff8a3500000 	C:\WINDOWS\System32\gdi32full.dll
0x00007ff898990000 - 0x00007ff898c0a000 	C:\WINDOWS\WinSxS\amd64_microsoft.windows.common-controls_6595b64144ccf1df_6.0.14393.953_none_42151e83c686086b\COMCTL32.dll
0x00007ff8a5c00000 - 0x00007ff8a5ec8000 	C:\WINDOWS\System32\combase.dll
0x00007ff8a3630000 - 0x00007ff8a3725000 	C:\WINDOWS\System32\ucrtbase.dll
0x00007ff8a3730000 - 0x00007ff8a379a000 	C:\WINDOWS\System32\bcryptPrimitives.dll
0x00007ff8a56e0000 - 0x00007ff8a570e000 	C:\WINDOWS\System32\IMM32.DLL
0x000000005d160000 - 0x000000005d232000 	C:\Program Files\Android\Android Studio\jre\jre\bin\msvcr100.dll
0x000000005d240000 - 0x000000005da7c000 	C:\Program Files\Android\Android Studio\jre\jre\bin\server\jvm.dll
0x00007ff8a5a40000 - 0x00007ff8a5a48000 	C:\WINDOWS\System32\PSAPI.DLL
0x00007ff8a0bb0000 - 0x00007ff8a0bd3000 	C:\WINDOWS\SYSTEM32\WINMM.dll
0x00007ff88f7e0000 - 0x00007ff88f7e9000 	C:\WINDOWS\SYSTEM32\WSOCK32.dll
0x00007ff8a5b90000 - 0x00007ff8a5bfa000 	C:\WINDOWS\System32\WS2_32.dll
0x00007ff8964c0000 - 0x00007ff8964ca000 	C:\WINDOWS\SYSTEM32\VERSION.dll
0x0000000002b50000 - 0x0000000002b7b000 	C:\WINDOWS\SYSTEM32\WINMMBASE.dll
0x00007ff8a3160000 - 0x00007ff8a31a2000 	C:\WINDOWS\System32\cfgmgr32.dll
0x00007ff89f7e0000 - 0x00007ff89f7ef000 	C:\Program Files\Android\Android Studio\jre\jre\bin\verify.dll
0x00007ff895170000 - 0x00007ff895199000 	C:\Program Files\Android\Android Studio\jre\jre\bin\java.dll
0x00007ff895150000 - 0x00007ff895166000 	C:\Program Files\Android\Android Studio\jre\jre\bin\zip.dll
0x00007ff8a4070000 - 0x00007ff8a5578000 	C:\WINDOWS\System32\SHELL32.dll
0x00007ff8a2860000 - 0x00007ff8a2f3a000 	C:\WINDOWS\System32\windows.storage.dll
0x00007ff8a2690000 - 0x00007ff8a26dc000 	C:\WINDOWS\System32\powrprof.dll
0x00007ff8a37a0000 - 0x00007ff8a37f2000 	C:\WINDOWS\System32\shlwapi.dll
0x00007ff8a26e0000 - 0x00007ff8a26ef000 	C:\WINDOWS\System32\kernel.appcore.dll
0x00007ff8a27b0000 - 0x00007ff8a2859000 	C:\WINDOWS\System32\shcore.dll
0x00007ff8a26f0000 - 0x00007ff8a2704000 	C:\WINDOWS\System32\profapi.dll
0x00007ff895130000 - 0x00007ff89514a000 	C:\Program Files\Android\Android Studio\jre\jre\bin\net.dll
0x00007ff8a1f50000 - 0x00007ff8a1fac000 	C:\WINDOWS\system32\mswsock.dll
0x00007ff895110000 - 0x00007ff895121000 	C:\Program Files\Android\Android Studio\jre\jre\bin\nio.dll
0x00007ff8938b0000 - 0x00007ff8938ce000 	C:\Users\sarth\.gradle\native\23\windows-amd64\native-platform.dll
0x00007ff8a20f0000 - 0x00007ff8a2107000 	C:\WINDOWS\SYSTEM32\CRYPTSP.dll
0x00007ff8a1b50000 - 0x00007ff8a1b83000 	C:\WINDOWS\system32\rsaenh.dll
0x00007ff8a2500000 - 0x00007ff8a252b000 	C:\WINDOWS\SYSTEM32\bcrypt.dll
0x00007ff8a1de0000 - 0x00007ff8a1dff000 	C:\WINDOWS\SYSTEM32\USERENV.dll
0x00007ff8a2110000 - 0x00007ff8a211b000 	C:\WINDOWS\SYSTEM32\CRYPTBASE.dll
0x00007ff8a1cd0000 - 0x00007ff8a1d08000 	C:\WINDOWS\SYSTEM32\IPHLPAPI.DLL
0x00007ff8a3870000 - 0x00007ff8a3878000 	C:\WINDOWS\System32\NSI.dll
0x00007ff89b590000 - 0x00007ff89b5a6000 	C:\WINDOWS\SYSTEM32\dhcpcsvc6.DLL
0x00007ff89b440000 - 0x00007ff89b45a000 	C:\WINDOWS\SYSTEM32\dhcpcsvc.DLL
0x00007ff89b110000 - 0x00007ff89b11d000 	C:\Program Files\Android\Android Studio\jre\jre\bin\management.dll
0x00007ff8a1a20000 - 0x00007ff8a1a52000 	C:\WINDOWS\SYSTEM32\ntmarta.dll

VM Arguments:
jvm_args: -XX:MaxPermSize=256m -XX:+HeapDumpOnOutOfMemoryError -Xmx1024m -Dfile.encoding=windows-1252 -Duser.country=US -Duser.language=en -Duser.variant 
java_command: org.gradle.launcher.daemon.bootstrap.GradleDaemon 3.3
java_class_path (initial): C:\Users\sarth\.gradle\wrapper\dists\gradle-3.3-all\55gk2rcmfc6p2dg9u9ohc3hw9\gradle-3.3\lib\gradle-launcher-3.3.jar
Launcher Type: SUN_STANDARD

Environment Variables:
PATH=C:\ProgramData\Oracle\Java\javapath;C:\Windows\system32;C:\Windows;C:\Windows\System32\Wbem;C:\Windows\System32\WindowsPowerShell\v1.0\;C:\adb;C:\WINDOWS\system32;C:\WINDOWS;C:\WINDOWS\System32\Wbem;C:\WINDOWS\System32\WindowsPowerShell\v1.0\;C:\Program Files\Java\jdk1.8.0_121\bin;C:\Users\sarth\AppData\Local\Microsoft\WindowsApps;
USERNAME=sarth
OS=Windows_NT
PROCESSOR_IDENTIFIER=Intel64 Family 6 Model 42 Stepping 7, GenuineIntel



---------------  S Y S T E M  ---------------

OS: Windows 10.0 , 64 bit Build 14393 (10.0.14393.1198)

CPU:total 2 (2 cores per cpu, 1 threads per core) family 6 model 42 stepping 7, cmov, cx8, fxsr, mmx, sse, sse2, sse3, ssse3, sse4.1, sse4.2, popcnt, clmul, tsc, tscinvbit

Memory: 4k page, physical 4085544k(641184k free), swap 6276096k(3104k free)

vm_info: OpenJDK 64-Bit Server VM (25.112-b06) for windows-amd64 JRE (1.8.0_112-release-b06), built on Dec  8 2016 00:54:26 by "builder" with MS VC++ 10.0 (VS2010)

time: Wed Aug 02 22:06:09 2017
elapsed time: 26 seconds (0d 0h 0m 26s)

