#
# There is insufficient memory for the Java Runtime Environment to continue.
# Native memory allocation (malloc) failed to allocate 1048576 bytes for AllocateHeap
# Possible reasons:
#   The system is out of physical RAM or swap space
#   In 32 bit mode, the process size limit was hit
# Possible solutions:
#   Reduce memory load on the system
#   Increase physical memory or swap space
#   Check if swap backing store is full
#   Use 64 bit Java on a 64 bit OS
#   Decrease Java heap size (-Xmx/-Xms)
#   Decrease number of Java threads
#   Decrease Java thread stack sizes (-Xss)
#   Set larger code cache with -XX:ReservedCodeCacheSize=
# This output file may be truncated or incomplete.
#
#  Out of Memory Error (memory/allocation.inline.hpp:61), pid=6488, tid=0x00000000000019d0
#
# JRE version:  (8.0_112-b06) (build )
# Java VM: OpenJDK 64-Bit Server VM (25.112-b06 mixed mode windows-amd64 compressed oops)
# Failed to write core dump. Minidumps are not enabled by default on client versions of Windows
#

---------------  T H R E A D  ---------------

Current thread (0x0000000002450800):  JavaThread "Unknown thread" [_thread_in_vm, id=6608, stack(0x00000000021a0000,0x00000000022a0000)]

Stack: [0x00000000021a0000,0x00000000022a0000]
[error occurred during error reporting (printing stack bounds), id 0xc0000005]

Native frames: (J=compiled Java code, j=interpreted, Vv=VM code, C=native code)


---------------  P R O C E S S  ---------------

Java Threads: ( => current thread )

Other Threads:

=>0x0000000002450800 (exited) JavaThread "Unknown thread" [_thread_in_vm, id=6608, stack(0x00000000021a0000,0x00000000022a0000)]

VM state:not at safepoint (normal execution)

VM Mutex/Monitor currently owned by a thread: None

Heap:
 PSYoungGen      total 18944K, used 327K [0x00000000eab00000, 0x00000000ec000000, 0x0000000100000000)
  eden space 16384K, 2% used [0x00000000eab00000,0x00000000eab51ec8,0x00000000ebb00000)
  from space 2560K, 0% used [0x00000000ebd80000,0x00000000ebd80000,0x00000000ec000000)
  to   space 2560K, 0% used [0x00000000ebb00000,0x00000000ebb00000,0x00000000ebd80000)
 ParOldGen       total 44032K, used 0K [0x00000000c0000000, 0x00000000c2b00000, 0x00000000eab00000)
  object space 44032K, 0% used [0x00000000c0000000,0x00000000c0000000,0x00000000c2b00000)
 Metaspace       used 772K, capacity 4480K, committed 4480K, reserved 1056768K
  class space    used 73K, capacity 384K, committed 384K, reserved 1048576K

Card table byte_map: [0x0000000011910000,0x0000000011b20000] byte_map_base: 0x0000000011310000

Marking Bits: (ParMarkBitMap*) 0x000000005da018f0
 Begin Bits: [0x0000000011e80000, 0x0000000012e80000)
 End Bits:   [0x0000000012e80000, 0x0000000013e80000)

Polling page: 0x0000000000bf0000

CodeCache: size=245760Kb used=327Kb max_used=327Kb free=245432Kb
 bounds [0x0000000002550000, 0x00000000027c0000, 0x0000000011550000]
 total_blobs=56 nmethods=0 adapters=38
 compilation: enabled

Compilation events (0 events):
No events

GC Heap History (0 events):
No events

Deoptimization events (0 events):
No events

Internal exceptions (0 events):
No events

Events (10 events):
Event: 0.041 loading class java/lang/Short
Event: 0.041 loading class java/lang/Short done
Event: 0.041 loading class java/lang/Integer
Event: 0.041 loading class java/lang/Integer done
Event: 0.041 loading class java/lang/Long
Event: 0.041 loading class java/lang/Long done
Event: 0.042 loading class java/lang/NullPointerException
Event: 0.042 loading class java/lang/NullPointerException done
Event: 0.042 loading class java/lang/ArithmeticException
Event: 0.042 loading class java/lang/ArithmeticException done


Dynamic libraries:
0x00007ff6e6d40000 - 0x00007ff6e6d71000 	C:\Program Files\Android\Android Studio\jre\bin\java.exe
0x00007ff8a6210000 - 0x00007ff8a63e1000 	C:\WINDOWS\SYSTEM32\ntdll.dll
0x00007ff8a5760000 - 0x00007ff8a580c000 	C:\WINDOWS\System32\KERNEL32.DLL
0x00007ff8a2f40000 - 0x00007ff8a315d000 	C:\WINDOWS\System32\KERNELBASE.dll
0x00007ff8a6160000 - 0x00007ff8a6202000 	C:\WINDOWS\System32\ADVAPI32.dll
0x00007ff8a3a20000 - 0x00007ff8a3abe000 	C:\WINDOWS\System32\msvcrt.dll
0x00007ff8a3be0000 - 0x00007ff8a3c39000 	C:\WINDOWS\System32\sechost.dll
0x00007ff8a5ed0000 - 0x00007ff8a5ff1000 	C:\WINDOWS\System32\RPCRT4.dll
0x00007ff8a5870000 - 0x00007ff8a59d5000 	C:\WINDOWS\System32\USER32.dll
0x00007ff8a3500000 - 0x00007ff8a351e000 	C:\WINDOWS\System32\win32u.dll
0x00007ff8a5720000 - 0x00007ff8a5754000 	C:\WINDOWS\System32\GDI32.dll
0x00007ff8a3380000 - 0x00007ff8a3500000 	C:\WINDOWS\System32\gdi32full.dll
0x00007ff898990000 - 0x00007ff898c0a000 	C:\WINDOWS\WinSxS\amd64_microsoft.windows.common-controls_6595b64144ccf1df_6.0.14393.953_none_42151e83c686086b\COMCTL32.dll
0x00007ff8a5c00000 - 0x00007ff8a5ec8000 	C:\WINDOWS\System32\combase.dll
0x00007ff8a3630000 - 0x00007ff8a3725000 	C:\WINDOWS\System32\ucrtbase.dll
0x00007ff8a3730000 - 0x00007ff8a379a000 	C:\WINDOWS\System32\bcryptPrimitives.dll
0x00007ff8a56e0000 - 0x00007ff8a570e000 	C:\WINDOWS\System32\IMM32.DLL
0x000000005d160000 - 0x000000005d232000 	C:\Program Files\Android\Android Studio\jre\jre\bin\msvcr100.dll
0x000000005d240000 - 0x000000005da7c000 	C:\Program Files\Android\Android Studio\jre\jre\bin\server\jvm.dll
0x00007ff8a5a40000 - 0x00007ff8a5a48000 	C:\WINDOWS\System32\PSAPI.DLL
0x00007ff88f7e0000 - 0x00007ff88f7e9000 	C:\WINDOWS\SYSTEM32\WSOCK32.dll
0x00007ff8a5b90000 - 0x00007ff8a5bfa000 	C:\WINDOWS\System32\WS2_32.dll
0x00007ff8a0bb0000 - 0x00007ff8a0bd3000 	C:\WINDOWS\SYSTEM32\WINMM.dll
0x00007ff8964c0000 - 0x00007ff8964ca000 	C:\WINDOWS\SYSTEM32\VERSION.dll
0x00007ff8a0b50000 - 0x00007ff8a0b7b000 	C:\WINDOWS\SYSTEM32\WINMMBASE.dll
0x00007ff8a3160000 - 0x00007ff8a31a2000 	C:\WINDOWS\System32\cfgmgr32.dll
0x00007ff89f7e0000 - 0x00007ff89f7ef000 	C:\Program Files\Android\Android Studio\jre\jre\bin\verify.dll
0x00007ff895170000 - 0x00007ff895199000 	C:\Program Files\Android\Android Studio\jre\jre\bin\java.dll
0x00007ff895150000 - 0x00007ff895166000 	C:\Program Files\Android\Android Studio\jre\jre\bin\zip.dll

VM Arguments:
jvm_args: -Djava.awt.headless=true -Xmx1024M -Dfile.encoding=windows-1252 -Duser.country=US -Duser.language=en -Duser.variant 
java_command: com.android.dx.command.Main --dex --force-jumbo --num-threads=4 --multi-dex --output C:\Users\sarth\AndroidStudioProjects\ud839_Miwok-Starter-code\app\build\intermediates\transforms\dex\debug\folders\1000\5\slice_2 C:\Users\sarth\AndroidStudioProjects\ud839_Miwok-Starter-code\app\build\intermediates\transforms\instantRunSlicer\debug\folders\1\5\slice_2
java_class_path (initial): C:\Users\sarth\AppData\Local\Android\sdk\build-tools\25.0.0\lib\dx.jar
Launcher Type: SUN_STANDARD

Environment Variables:
PATH=C:\ProgramData\Oracle\Java\javapath;C:\Windows\system32;C:\Windows;C:\Windows\System32\Wbem;C:\Windows\System32\WindowsPowerShell\v1.0\;C:\adb;C:\WINDOWS\system32;C:\WINDOWS;C:\WINDOWS\System32\Wbem;C:\WINDOWS\System32\WindowsPowerShell\v1.0\;C:\Program Files\Java\jdk1.8.0_121\bin;C:\Users\sarth\AppData\Local\Microsoft\WindowsApps;
USERNAME=sarth
OS=Windows_NT
PROCESSOR_IDENTIFIER=Intel64 Family 6 Model 42 Stepping 7, GenuineIntel



---------------  S Y S T E M  ---------------

OS: Windows 10.0 , 64 bit Build 14393 (10.0.14393.1198)

CPU:total 2 (2 cores per cpu, 1 threads per core) family 6 model 42 stepping 7, cmov, cx8, fxsr, mmx, sse, sse2, sse3, ssse3, sse4.1, sse4.2, popcnt, clmul, tsc, tscinvbit

Memory: 4k page, physical 4085544k(651560k free), swap 6276096k(5288k free)

vm_info: OpenJDK 64-Bit Server VM (25.112-b06) for windows-amd64 JRE (1.8.0_112-release-b06), built on Dec  8 2016 00:54:26 by "builder" with MS VC++ 10.0 (VS2010)

time: Wed Aug 02 22:06:09 2017
elapsed time: 0 seconds (0d 0h 0m 0s)

